GROUP,PACKAGE,CLASS,INSTRUCTION_MISSED,INSTRUCTION_COVERED,BRANCH_MISSED,BRANCH_COVERED,LINE_MISSED,LINE_COVERED,COMPLEXITY_MISSED,COMPLEXITY_COVERED,METHOD_MISSED,METHOD_COVERED
team5-project,default,Deliverables,36,0,0,0,14,0,8,0,8,0
team5-project,default,Grade,7,0,0,0,3,0,2,0,2,0
team5-project,ca.uwo.csd.cs2212.team5,MainWindow,962,0,16,0,149,0,16,0,8,0
team5-project,ca.uwo.csd.cs2212.team5,App,8,0,0,0,3,0,2,0,2,0
team5-project,ca.uwo.csd.cs2212.team5,MainWindow.new ActionListener() {...},26,0,0,0,4,0,2,0,2,0
team5-project,ca.uwo.csd.cs2212.team5,Student,44,0,0,0,19,0,10,0,10,0
team5-project,ca.uwo.csd.cs2212.team5,App.new Runnable() {...},11,0,0,0,4,0,2,0,2,0
team5-project,ca.uwo.csd.cs2212.team5,MainWindow.new ActionListener() {...},9,0,0,0,3,0,2,0,2,0
team5-project,ca.uwo.csd.cs2212.team5,Course,0,43,0,0,0,18,0,9,0,9
team5-project,ca.uwo.csd.cs2212.team5,BankAccount,0,22,0,2,0,7,0,3,0,2
